05/19/2022 10:37:56 PM Opening firefox browser
05/19/2022 10:37:57 PM Navigating to https://www.saucedemo.com/
05/19/2022 10:37:57 PM ********** Test Case: Shopping cart details
05/19/2022 10:37:58 PM Taking a screenshot .\screenshots\image-051922-223758.png
05/19/2022 10:37:58 PM Closing the browser
05/19/2022 10:38:04 PM Opening firefox browser
05/19/2022 10:38:05 PM Navigating to https://www.saucedemo.com/
05/19/2022 10:38:05 PM ********** Test Case: Empty shopping cart
05/19/2022 10:38:06 PM Taking a screenshot .\screenshots\image-051922-223806.png
05/19/2022 10:38:06 PM Closing the browser
05/19/2022 10:38:12 PM Opening firefox browser
05/19/2022 10:38:13 PM Navigating to https://www.saucedemo.com/
05/19/2022 10:38:14 PM Taking a screenshot .\screenshots\image-051922-223814.png
05/19/2022 10:38:14 PM Closing the browser
05/19/2022 10:38:20 PM Opening firefox browser
05/19/2022 10:38:21 PM Navigating to https://www.saucedemo.com/
05/19/2022 10:38:21 PM ********** Test Case: Login Page Title 
05/19/2022 10:38:21 PM Taking a screenshot .\screenshots\image-051922-223821.png
05/19/2022 10:38:21 PM Closing the browser
05/19/2022 10:38:27 PM Opening firefox browser
05/19/2022 10:38:28 PM Navigating to https://www.saucedemo.com/
05/19/2022 10:38:28 PM ********** Test Case: Valid Login
05/19/2022 10:38:29 PM Taking a screenshot .\screenshots\image-051922-223829.png
05/19/2022 10:38:29 PM Closing the browser
05/19/2022 10:38:35 PM Opening firefox browser
05/19/2022 10:38:36 PM Navigating to https://www.saucedemo.com/
05/19/2022 10:38:36 PM ********** Test Case: Go back to Products from Product Details
05/19/2022 10:38:37 PM Taking a screenshot .\screenshots\image-051922-223837.png
05/19/2022 10:38:37 PM Closing the browser
05/19/2022 10:38:43 PM Opening firefox browser
05/19/2022 10:38:44 PM Navigating to https://www.saucedemo.com/
05/19/2022 10:38:44 PM ********** Test Case: Add to Cart
05/19/2022 10:38:45 PM Taking a screenshot .\screenshots\image-051922-223845.png
05/19/2022 10:38:45 PM Closing the browser
05/19/2022 10:38:51 PM Opening firefox browser
05/19/2022 10:38:52 PM Navigating to https://www.saucedemo.com/
05/19/2022 10:38:52 PM ********** Test Case: View Product Details
05/19/2022 10:38:53 PM Taking a screenshot .\screenshots\image-051922-223853.png
05/19/2022 10:38:53 PM Closing the browser
05/19/2022 10:39:58 PM Opening firefox browser
05/19/2022 10:39:59 PM Navigating to https://www.saucedemo.com/
05/19/2022 10:40:00 PM ********** Test Case: Shopping cart details
05/19/2022 10:40:00 PM Taking a screenshot .\screenshots\image-051922-224000.png
05/19/2022 10:40:00 PM Closing the browser
05/19/2022 10:40:06 PM Opening firefox browser
05/19/2022 10:40:07 PM Navigating to https://www.saucedemo.com/
05/19/2022 10:40:08 PM ********** Test Case: Empty shopping cart
05/19/2022 10:40:08 PM Taking a screenshot .\screenshots\image-051922-224008.png
05/19/2022 10:40:08 PM Closing the browser
05/19/2022 10:40:15 PM Opening firefox browser
05/19/2022 10:40:15 PM Navigating to https://www.saucedemo.com/
05/19/2022 10:40:17 PM Taking a screenshot .\screenshots\image-051922-224017.png
05/19/2022 10:40:17 PM Closing the browser
05/19/2022 10:40:23 PM Opening firefox browser
05/19/2022 10:40:24 PM Navigating to https://www.saucedemo.com/
05/19/2022 10:40:24 PM ********** Test Case: Login Page Title 
05/19/2022 10:40:24 PM Taking a screenshot .\screenshots\image-051922-224024.png
05/19/2022 10:40:24 PM Closing the browser
05/19/2022 10:40:30 PM Opening firefox browser
05/19/2022 10:40:31 PM Navigating to https://www.saucedemo.com/
05/19/2022 10:40:31 PM ********** Test Case: Valid Login
05/19/2022 10:40:31 PM Taking a screenshot .\screenshots\image-051922-224031.png
05/19/2022 10:40:31 PM Closing the browser
05/19/2022 10:40:38 PM Opening firefox browser
05/19/2022 10:40:38 PM Navigating to https://www.saucedemo.com/
05/19/2022 10:40:38 PM ********** Test Case: Go back to Products from Product Details
05/19/2022 10:40:39 PM Taking a screenshot .\screenshots\image-051922-224039.png
05/19/2022 10:40:39 PM Closing the browser
05/19/2022 10:40:46 PM Opening firefox browser
05/19/2022 10:40:46 PM Navigating to https://www.saucedemo.com/
05/19/2022 10:40:46 PM ********** Test Case: Add to Cart
05/19/2022 10:40:47 PM Taking a screenshot .\screenshots\image-051922-224047.png
05/19/2022 10:40:47 PM Closing the browser
05/19/2022 10:40:53 PM Opening firefox browser
05/19/2022 10:40:54 PM Navigating to https://www.saucedemo.com/
05/19/2022 10:40:54 PM ********** Test Case: View Product Details
05/19/2022 10:40:55 PM Taking a screenshot .\screenshots\image-051922-224055.png
05/19/2022 10:40:55 PM Closing the browser
05/19/2022 10:41:59 PM Opening firefox browser
05/19/2022 10:42:00 PM Navigating to https://www.saucedemo.com/
05/19/2022 10:42:00 PM ********** Test Case: Shopping cart details
05/19/2022 10:42:01 PM Taking a screenshot .\screenshots\image-051922-224201.png
05/19/2022 10:42:01 PM Closing the browser
05/19/2022 10:42:07 PM Opening firefox browser
05/19/2022 10:42:08 PM Navigating to https://www.saucedemo.com/
05/19/2022 10:42:09 PM ********** Test Case: Empty shopping cart
05/19/2022 10:42:09 PM Taking a screenshot .\screenshots\image-051922-224209.png
05/19/2022 10:42:09 PM Closing the browser
05/19/2022 10:42:15 PM Opening firefox browser
05/19/2022 10:42:16 PM Navigating to https://www.saucedemo.com/
05/19/2022 10:42:17 PM Taking a screenshot .\screenshots\image-051922-224217.png
05/19/2022 10:42:17 PM Closing the browser
05/19/2022 10:42:23 PM Opening firefox browser
05/19/2022 10:42:24 PM Navigating to https://www.saucedemo.com/
05/19/2022 10:42:24 PM ********** Test Case: Login Page Title 
05/19/2022 10:42:24 PM Taking a screenshot .\screenshots\image-051922-224224.png
05/19/2022 10:42:24 PM Closing the browser
05/19/2022 10:42:31 PM Opening firefox browser
05/19/2022 10:42:31 PM Navigating to https://www.saucedemo.com/
05/19/2022 10:42:31 PM ********** Test Case: Valid Login
05/19/2022 10:42:32 PM Taking a screenshot .\screenshots\image-051922-224232.png
05/19/2022 10:42:32 PM Closing the browser
05/19/2022 10:42:38 PM Opening firefox browser
05/19/2022 10:42:39 PM Navigating to https://www.saucedemo.com/
05/19/2022 10:42:39 PM ********** Test Case: Go back to Products from Product Details
05/19/2022 10:42:41 PM Taking a screenshot .\screenshots\image-051922-224241.png
05/19/2022 10:42:41 PM Closing the browser
05/19/2022 10:42:47 PM Opening firefox browser
05/19/2022 10:42:48 PM Navigating to https://www.saucedemo.com/
05/19/2022 10:42:48 PM ********** Test Case: Add to Cart
05/19/2022 10:42:50 PM Taking a screenshot .\screenshots\image-051922-224250.png
05/19/2022 10:42:50 PM Closing the browser
05/19/2022 10:42:56 PM Opening firefox browser
05/19/2022 10:42:57 PM Navigating to https://www.saucedemo.com/
05/19/2022 10:42:57 PM ********** Test Case: View Product Details
05/19/2022 10:42:58 PM Taking a screenshot .\screenshots\image-051922-224258.png
05/19/2022 10:42:58 PM Closing the browser
